# JRE version: Java(TM) SE Runtime Environment (21.0.6+8) (build 21.0.6+8-LTS-188)
# Java VM: Java HotSpot(TM) 64-Bit Server VM (21.0.6+8-LTS-188, mixed mode, sharing, tiered, compressed oops, compressed class ptrs, g1 gc, windows-amd64)
GC Precious Log:
 CardTable entry size: 512
 Card Set container configuration: InlinePtr #cards 5 size 8 Array Of Cards #cards 12 size 40 Howl #buckets 4 coarsen threshold 1843 Howl Bitmap #cards 512 size 80 coarsen threshold 460 Card regions per heap region 1 cards per card region 2048
 CPUs: 8 total, 8 available
 Memory: 6058M
 Large Page Support: Disabled
 NUMA Support: Disabled
 Compressed Oops: Enabled (32-bit)
 Heap Region Size: 1M
 Heap Min Capacity: 8M
 Heap Initial Capacity: 96M
 Heap Max Capacity: 1516M
 Pre-touch: Disabled
 Parallel Workers: 8
 Concurrent Workers: 2
 Concurrent Refinement Workers: 8
 Periodic GC: Disabled
Heap:
 garbage-first heap   total 219136K, used 67338K [0x00000000a1400000, 0x0000000100000000)
  region size 1024K, 8 young (8192K), 0 survivors (0K)
 Metaspace       used 102783K, committed 103872K, reserved 1179648K
  class space    used 13498K, committed 14016K, reserved 1048576K
GC Heap History (20 events):
Event: 35.629 GC heap before
{Heap before GC invocations=41 (full 0):
 garbage-first heap   total 132096K, used 114580K [0x00000000a1400000, 0x0000000100000000)
  region size 1024K, 61 young (62464K), 9 survivors (9216K)
 Metaspace       used 80910K, committed 81600K, reserved 1179648K
  class space    used 10762K, committed 11072K, reserved 1048576K
}
Event: 35.636 GC heap after
{Heap after GC invocations=42 (full 0):
 garbage-first heap   total 181248K, used 58530K [0x00000000a1400000, 0x0000000100000000)
  region size 1024K, 5 young (5120K), 5 survivors (5120K)
 Metaspace       used 80910K, committed 81600K, reserved 1179648K
  class space    used 10762K, committed 11072K, reserved 1048576K
}
Event: 37.665 GC heap before
{Heap before GC invocations=42 (full 0):
 garbage-first heap   total 181248K, used 161954K [0x00000000a1400000, 0x0000000100000000)
  region size 1024K, 106 young (108544K), 5 survivors (5120K)
 Metaspace       used 85481K, committed 86144K, reserved 1179648K
  class space    used 11549K, committed 11840K, reserved 1048576K
}
Event: 37.670 GC heap after
{Heap after GC invocations=43 (full 0):
 garbage-first heap   total 181248K, used 57330K [0x00000000a1400000, 0x0000000100000000)
  region size 1024K, 4 young (4096K), 4 survivors (4096K)
 Metaspace       used 85481K, committed 86144K, reserved 1179648K
  class space    used 11549K, committed 11840K, reserved 1048576K
}
Event: 39.702 GC heap before
{Heap before GC invocations=44 (full 0):
 garbage-first heap   total 181248K, used 161778K [0x00000000a1400000, 0x0000000100000000)
  region size 1024K, 106 young (108544K), 4 survivors (4096K)
 Metaspace       used 88399K, committed 89152K, reserved 1179648K
  class space    used 11775K, committed 12096K, reserved 1048576K
}
Event: 39.713 GC heap after
{Heap after GC invocations=45 (full 0):
 garbage-first heap   total 181248K, used 62840K [0x00000000a1400000, 0x0000000100000000)
  region size 1024K, 9 young (9216K), 9 survivors (9216K)
 Metaspace       used 88399K, committed 89152K, reserved 1179648K
  class space    used 11775K, committed 12096K, reserved 1048576K
}
Event: 42.469 GC heap before
{Heap before GC invocations=45 (full 0):
 garbage-first heap   total 181248K, used 161144K [0x00000000a1400000, 0x0000000100000000)
  region size 1024K, 105 young (107520K), 9 survivors (9216K)
 Metaspace       used 94294K, committed 95168K, reserved 1179648K
  class space    used 12540K, committed 12928K, reserved 1048576K
}
Event: 42.539 GC heap after
{Heap after GC invocations=46 (full 0):
 garbage-first heap   total 181248K, used 68739K [0x00000000a1400000, 0x0000000100000000)
  region size 1024K, 13 young (13312K), 13 survivors (13312K)
 Metaspace       used 94294K, committed 95168K, reserved 1179648K
  class space    used 12540K, committed 12928K, reserved 1048576K
}
Event: 136.929 GC heap before
{Heap before GC invocations=46 (full 0):
 garbage-first heap   total 181248K, used 156803K [0x00000000a1400000, 0x0000000100000000)
  region size 1024K, 99 young (101376K), 13 survivors (13312K)
 Metaspace       used 97929K, committed 98880K, reserved 1179648K
  class space    used 13022K, committed 13440K, reserved 1048576K
}
Event: 137.696 GC heap after
{Heap after GC invocations=47 (full 0):
 garbage-first heap   total 181248K, used 70701K [0x00000000a1400000, 0x0000000100000000)
  region size 1024K, 4 young (4096K), 4 survivors (4096K)
 Metaspace       used 97929K, committed 98880K, reserved 1179648K
  class space    used 13022K, committed 13440K, reserved 1048576K
}
Event: 141.743 GC heap before
{Heap before GC invocations=48 (full 0):
 garbage-first heap   total 181248K, used 73773K [0x00000000a1400000, 0x0000000100000000)
  region size 1024K, 8 young (8192K), 4 survivors (4096K)
 Metaspace       used 98102K, committed 99072K, reserved 1179648K
  class space    used 13048K, committed 13504K, reserved 1048576K
}
Event: 141.861 GC heap after
{Heap after GC invocations=49 (full 0):
 garbage-first heap   total 181248K, used 71355K [0x00000000a1400000, 0x0000000100000000)
  region size 1024K, 1 young (1024K), 1 survivors (1024K)
 Metaspace       used 98102K, committed 99072K, reserved 1179648K
  class space    used 13048K, committed 13504K, reserved 1048576K
}
Event: 154.126 GC heap before
{Heap before GC invocations=49 (full 0):
 garbage-first heap   total 181248K, used 167611K [0x00000000a1400000, 0x0000000100000000)
  region size 1024K, 96 young (98304K), 1 survivors (1024K)
 Metaspace       used 101554K, committed 102528K, reserved 1179648K
  class space    used 13409K, committed 13888K, reserved 1048576K
}
Event: 154.149 GC heap after
{Heap after GC invocations=50 (full 0):
 garbage-first heap   total 414720K, used 72235K [0x00000000a1400000, 0x0000000100000000)
  region size 1024K, 3 young (3072K), 3 survivors (3072K)
 Metaspace       used 101554K, committed 102528K, reserved 1179648K
  class space    used 13409K, committed 13888K, reserved 1048576K
}
Event: 157.447 GC heap before
{Heap before GC invocations=50 (full 0):
 garbage-first heap   total 414720K, used 238123K [0x00000000a1400000, 0x0000000100000000)
  region size 1024K, 165 young (168960K), 3 survivors (3072K)
 Metaspace       used 102206K, committed 103232K, reserved 1179648K
  class space    used 13431K, committed 13888K, reserved 1048576K
}
Event: 157.498 GC heap after
{Heap after GC invocations=51 (full 0):
 garbage-first heap   total 414720K, used 73848K [0x00000000a1400000, 0x0000000100000000)
  region size 1024K, 5 young (5120K), 5 survivors (5120K)
 Metaspace       used 102206K, committed 103232K, reserved 1179648K
  class space    used 13431K, committed 13888K, reserved 1048576K
}
Event: 187.269 GC heap before
{Heap before GC invocations=52 (full 0):
 garbage-first heap   total 321536K, used 136312K [0x00000000a1400000, 0x0000000100000000)
  region size 1024K, 61 young (62464K), 5 survivors (5120K)
 Metaspace       used 102454K, committed 103488K, reserved 1179648K
  class space    used 13461K, committed 13952K, reserved 1048576K
}
Event: 187.406 GC heap after
{Heap after GC invocations=53 (full 0):
 garbage-first heap   total 321536K, used 86935K [0x00000000a1400000, 0x0000000100000000)
  region size 1024K, 8 young (8192K), 8 survivors (8192K)
 Metaspace       used 102454K, committed 103488K, reserved 1179648K
  class space    used 13461K, committed 13952K, reserved 1048576K
}
Event: 474.532 GC heap before
{Heap before GC invocations=53 (full 0):
 garbage-first heap   total 321536K, used 224151K [0x00000000a1400000, 0x0000000100000000)
  region size 1024K, 143 young (146432K), 8 survivors (8192K)
 Metaspace       used 102751K, committed 103744K, reserved 1179648K
  class space    used 13496K, committed 13952K, reserved 1048576K
}
Event: 485.650 GC heap after
{Heap after GC invocations=54 (full 1):
 garbage-first heap   total 219136K, used 60170K [0x00000000a1400000, 0x0000000100000000)
  region size 1024K, 0 young (0K), 0 survivors (0K)
 Metaspace       used 102751K, committed 103744K, reserved 1179648K
  class space    used 13496K, committed 13952K, reserved 1048576K
}

